WARNING: A terminally deprecated method in sun.misc.Unsafe has been called
WARNING: sun.misc.Unsafe::staticFieldBase has been called by com.google.inject.internal.aop.HiddenClassDefiner (file:/opt/homebrew/Cellar/maven/3.9.11/libexec/lib/guice-5.1.0-classes.jar)
WARNING: Please consider reporting this to the maintainers of class com.google.inject.internal.aop.HiddenClassDefiner
WARNING: sun.misc.Unsafe::staticFieldBase will be removed in a future release
[INFO] Scanning for projects...
[INFO] 
[INFO] --------------------------< org.group1:ASDA >---------------------------
[INFO] Building ASDA 1.0-SNAPSHOT
[INFO]   from pom.xml
[INFO] --------------------------------[ jar ]---------------------------------
[INFO] 
[INFO] --- resources:3.3.1:resources (default-resources) @ ASDA ---
[INFO] Copying 9 resources from src/main/resources to target/classes
[INFO] 
[INFO] --- compiler:3.11.0:compile (default-compile) @ ASDA ---
[INFO] Nothing to compile - all classes are up to date
[INFO] 
[INFO] --- resources:3.3.1:testResources (default-testResources) @ ASDA ---
[INFO] skip non existing resourceDirectory /Users/titanichornet/IdeaProjects/ASDA/src/test/resources
[INFO] 
[INFO] --- compiler:3.11.0:testCompile (default-testCompile) @ ASDA ---
[INFO] Nothing to compile - all classes are up to date
[INFO] 
[INFO] --- surefire:3.2.5:test (default-test) @ ASDA ---
[INFO] Using auto detected provider org.apache.maven.surefire.junitplatform.JUnitPlatformProvider
[INFO] 
[INFO] -------------------------------------------------------
[INFO]  T E S T S
[INFO] -------------------------------------------------------
[INFO] Running org.group1.asda.assessment.AQQuestionTest
Question 1:
Test question text?

1. Definitely Agree
2. Slightly Agree
3. Slightly Disagree
4. Definitely Disagree

[INFO] Tests run: 9, Failures: 0, Errors: 0, Skipped: 0, Time elapsed: 0.046 s -- in org.group1.asda.assessment.AQQuestionTest
[INFO] Running org.group1.asda.assessment.AQResultInterpreterTest
[INFO] Tests run: 28, Failures: 0, Errors: 0, Skipped: 0, Time elapsed: 0.060 s -- in org.group1.asda.assessment.AQResultInterpreterTest
[INFO] Running org.group1.asda.assessment.AQAssessmentTest
[INFO] Tests run: 14, Failures: 0, Errors: 0, Skipped: 0, Time elapsed: 0.009 s -- in org.group1.asda.assessment.AQAssessmentTest
[INFO] Running org.group1.asda.assessment.AQScoreCalculatorTest
[INFO] Tests run: 11, Failures: 0, Errors: 0, Skipped: 0, Time elapsed: 0.010 s -- in org.group1.asda.assessment.AQScoreCalculatorTest
[INFO] Running org.group1.asda.service.AssessmentServiceTest
[INFO] Tests run: 24, Failures: 0, Errors: 0, Skipped: 0, Time elapsed: 0.033 s -- in org.group1.asda.service.AssessmentServiceTest
[INFO] Running org.group1.asda.domain.CardTest
[INFO] Tests run: 21, Failures: 0, Errors: 0, Skipped: 0, Time elapsed: 0.016 s -- in org.group1.asda.domain.CardTest
[INFO] Running org.group1.asda.domain.QuestionTest
[INFO] Tests run: 10, Failures: 0, Errors: 0, Skipped: 0, Time elapsed: 0.011 s -- in org.group1.asda.domain.QuestionTest
[INFO] Running org.group1.asda.domain.StimulusTest
[INFO] Tests run: 26, Failures: 0, Errors: 0, Skipped: 0, Time elapsed: 0.008 s -- in org.group1.asda.domain.StimulusTest
[INFO] Running org.group1.asda.domain.AttentionGameStateTest
[INFO] Tests run: 31, Failures: 0, Errors: 0, Skipped: 0, Time elapsed: 0.123 s -- in org.group1.asda.domain.AttentionGameStateTest
[INFO] Running org.group1.asda.domain.GameStateTest
[INFO] Tests run: 26, Failures: 0, Errors: 0, Skipped: 0, Time elapsed: 1.223 s -- in org.group1.asda.domain.GameStateTest
[INFO] 
[INFO] Results:
[INFO] 
[INFO] Tests run: 200, Failures: 0, Errors: 0, Skipped: 0
[INFO] 
[INFO] ------------------------------------------------------------------------
[INFO] BUILD SUCCESS
[INFO] ------------------------------------------------------------------------
[INFO] Total time:  2.415 s
[INFO] Finished at: 2025-11-10T21:17:17-05:00
[INFO] ------------------------------------------------------------------------
